<?xml version="1.0" encoding="UTF-8"?>
<!-- Generated by org.testng.reporters.JUnitReportReporter -->
<testsuite skipped="0" hostname="Lenovo" name="testingframes.Newtestng" tests="2" failures="0" timestamp="04 Jan 2022 09:08:22 GMT" time="31.414" errors="0">
  <testcase name="tc1" time="7.863" classname="testingframes.Newtestng"/>
  <testcase name="tc2" time="23.551" classname="testingframes.Newtestng"/>
</testsuite> <!-- testingframes.Newtestng -->
